Determining if files unistd.h exist failed with the following output:
Change Dir: C:/Users/Jos√© Silva/Desktop/jasper-2.0.14/jasper-2.0.14/out/build/x64-Debug (default)/CMakeFiles/CMakeTmp

Run Build Command(s):C:/Program Files (x86)/Microsoft Visual Studio/2019/Community/Common7/IDE/CommonExtensions/Microsoft/CMake/Ninja/ninja.exe cmTC_119eb && [1/2] Building C object CMakeFiles\cmTC_119eb.dir\JAS_HAVE_UNISTD_H.c.obj
FAILED: CMakeFiles/cmTC_119eb.dir/JAS_HAVE_UNISTD_H.c.obj 
C:\PROGRA~2\MICROS~4\2019\COMMUN~1\VC\Tools\MSVC\1428~1.293\bin\Hostx64\x64\cl.exe  /nologo   /DWIN32 /D_WINDOWS /W3  /MDd /Zi /Ob0 /Od /RTC1 /showIncludes /FoCMakeFiles\cmTC_119eb.dir\JAS_HAVE_UNISTD_H.c.obj /FdCMakeFiles\cmTC_119eb.dir\ /FS -c "C:\Users\JosÈ Silva\Desktop\jasper-2.0.14\jasper-2.0.14\out\build\x64-Debug (default)\CMakeFiles\CheckIncludeFiles\JAS_HAVE_UNISTD_H.c"
C:\Users\Jos√© Silva\Desktop\jasper-2.0.14\jasper-2.0.14\out\build\x64-Debug (default)\CMakeFiles\CheckIncludeFiles\JAS_HAVE_UNISTD_H.c(2): fatal error C1083: Cannot open include file: 'unistd.h': No such file or directory
ninja: build stopped: subcommand failed.


Source:
/* */
#include <unistd.h>


int main(void){return 0;}

Determining if files sys/time.h exist failed with the following output:
Change Dir: C:/Users/Jos√© Silva/Desktop/jasper-2.0.14/jasper-2.0.14/out/build/x64-Debug (default)/CMakeFiles/CMakeTmp

Run Build Command(s):C:/Program Files (x86)/Microsoft Visual Studio/2019/Community/Common7/IDE/CommonExtensions/Microsoft/CMake/Ninja/ninja.exe cmTC_60bbb && [1/2] Building C object CMakeFiles\cmTC_60bbb.dir\JAS_HAVE_SYS_TIME_H.c.obj
FAILED: CMakeFiles/cmTC_60bbb.dir/JAS_HAVE_SYS_TIME_H.c.obj 
C:\PROGRA~2\MICROS~4\2019\COMMUN~1\VC\Tools\MSVC\1428~1.293\bin\Hostx64\x64\cl.exe  /nologo   /DWIN32 /D_WINDOWS /W3  /MDd /Zi /Ob0 /Od /RTC1 /showIncludes /FoCMakeFiles\cmTC_60bbb.dir\JAS_HAVE_SYS_TIME_H.c.obj /FdCMakeFiles\cmTC_60bbb.dir\ /FS -c "C:\Users\JosÈ Silva\Desktop\jasper-2.0.14\jasper-2.0.14\out\build\x64-Debug (default)\CMakeFiles\CheckIncludeFiles\JAS_HAVE_SYS_TIME_H.c"
C:\Users\Jos√© Silva\Desktop\jasper-2.0.14\jasper-2.0.14\out\build\x64-Debug (default)\CMakeFiles\CheckIncludeFiles\JAS_HAVE_SYS_TIME_H.c(2): fatal error C1083: Cannot open include file: 'sys/time.h': No such file or directory
ninja: build stopped: subcommand failed.


Source:
/* */
#include <sys/time.h>


int main(void){return 0;}

Determining if the function gettimeofday exists failed with the following output:
Change Dir: C:/Users/Jos√© Silva/Desktop/jasper-2.0.14/jasper-2.0.14/out/build/x64-Debug (default)/CMakeFiles/CMakeTmp

Run Build Command(s):C:/Program Files (x86)/Microsoft Visual Studio/2019/Community/Common7/IDE/CommonExtensions/Microsoft/CMake/Ninja/ninja.exe cmTC_88fd8 && [1/2] Building C object CMakeFiles\cmTC_88fd8.dir\CheckFunctionExists.c.obj
[2/2] Linking C executable cmTC_88fd8.exe
FAILED: cmTC_88fd8.exe 
cmd.exe /C "cd . && "C:\Program Files (x86)\Microsoft Visual Studio\2019\Community\Common7\IDE\CommonExtensions\Microsoft\CMake\CMake\bin\cmake.exe" -E vs_link_exe --intdir=CMakeFiles\cmTC_88fd8.dir --rc=C:\PROGRA~2\WI3CF2~1\10\bin\100183~1.0\x64\rc.exe --mt=C:\PROGRA~2\WI3CF2~1\10\bin\100183~1.0\x64\mt.exe --manifests  -- C:\PROGRA~2\MICROS~4\2019\COMMUN~1\VC\Tools\MSVC\1428~1.293\bin\Hostx64\x64\link.exe /nologo CMakeFiles\cmTC_88fd8.dir\CheckFunctionExists.c.obj  /out:cmTC_88fd8.exe /implib:cmTC_88fd8.lib /pdb:cmTC_88fd8.pdb /version:0.0 /machine:x64  /debug /INCREMENTAL /subsystem:console  kernel32.lib user32.lib gdi32.lib winspool.lib shell32.lib ole32.lib oleaut32.lib uuid.lib comdlg32.lib advapi32.lib && cd ."
LINK Pass 1: command "C:\PROGRA~2\MICROS~4\2019\COMMUN~1\VC\Tools\MSVC\1428~1.293\bin\Hostx64\x64\link.exe /nologo CMakeFiles\cmTC_88fd8.dir\CheckFunctionExists.c.obj /out:cmTC_88fd8.exe /implib:cmTC_88fd8.lib /pdb:cmTC_88fd8.pdb /version:0.0 /machine:x64 /debug /INCREMENTAL /subsystem:console kernel32.lib user32.lib gdi32.lib winspool.lib shell32.lib ole32.lib oleaut32.lib uuid.lib comdlg32.lib advapi32.lib /MANIFEST /MANIFESTFILE:CMakeFiles\cmTC_88fd8.dir/intermediate.manifest CMakeFiles\cmTC_88fd8.dir/manifest.res" failed (exit code 1120) with the following output:
CheckFunctionExists.c.obj : error LNK2019: unresolved external symbol gettimeofday referenced in function main
cmTC_88fd8.exe : fatal error LNK1120: 1 unresolved externals
ninja: build stopped: subcommand failed.



Determining if the function getrusage exists failed with the following output:
Change Dir: C:/Users/Jos√© Silva/Desktop/jasper-2.0.14/jasper-2.0.14/out/build/x64-Debug (default)/CMakeFiles/CMakeTmp

Run Build Command(s):C:/Program Files (x86)/Microsoft Visual Studio/2019/Community/Common7/IDE/CommonExtensions/Microsoft/CMake/Ninja/ninja.exe cmTC_fe78b && [1/2] Building C object CMakeFiles\cmTC_fe78b.dir\CheckFunctionExists.c.obj
[2/2] Linking C executable cmTC_fe78b.exe
FAILED: cmTC_fe78b.exe 
cmd.exe /C "cd . && "C:\Program Files (x86)\Microsoft Visual Studio\2019\Community\Common7\IDE\CommonExtensions\Microsoft\CMake\CMake\bin\cmake.exe" -E vs_link_exe --intdir=CMakeFiles\cmTC_fe78b.dir --rc=C:\PROGRA~2\WI3CF2~1\10\bin\100183~1.0\x64\rc.exe --mt=C:\PROGRA~2\WI3CF2~1\10\bin\100183~1.0\x64\mt.exe --manifests  -- C:\PROGRA~2\MICROS~4\2019\COMMUN~1\VC\Tools\MSVC\1428~1.293\bin\Hostx64\x64\link.exe /nologo CMakeFiles\cmTC_fe78b.dir\CheckFunctionExists.c.obj  /out:cmTC_fe78b.exe /implib:cmTC_fe78b.lib /pdb:cmTC_fe78b.pdb /version:0.0 /machine:x64  /debug /INCREMENTAL /subsystem:console  kernel32.lib user32.lib gdi32.lib winspool.lib shell32.lib ole32.lib oleaut32.lib uuid.lib comdlg32.lib advapi32.lib && cd ."
LINK Pass 1: command "C:\PROGRA~2\MICROS~4\2019\COMMUN~1\VC\Tools\MSVC\1428~1.293\bin\Hostx64\x64\link.exe /nologo CMakeFiles\cmTC_fe78b.dir\CheckFunctionExists.c.obj /out:cmTC_fe78b.exe /implib:cmTC_fe78b.lib /pdb:cmTC_fe78b.pdb /version:0.0 /machine:x64 /debug /INCREMENTAL /subsystem:console kernel32.lib user32.lib gdi32.lib winspool.lib shell32.lib ole32.lib oleaut32.lib uuid.lib comdlg32.lib advapi32.lib /MANIFEST /MANIFESTFILE:CMakeFiles\cmTC_fe78b.dir/intermediate.manifest CMakeFiles\cmTC_fe78b.dir/manifest.res" failed (exit code 1120) with the following output:
CheckFunctionExists.c.obj : error LNK2019: unresolved external symbol getrusage referenced in function main
cmTC_fe78b.exe : fatal error LNK1120: 1 unresolved externals
ninja: build stopped: subcommand failed.



